Added Component: Designator=C1(Cap_SMD_5*5.4mm)
Added Component: Designator=C2(C0603)
Added Component: Designator=C3(Cap_SMD_5*5.4mm)
Added Component: Designator=C4(C0603)
Added Component: Designator=C5(C0603)
Added Component: Designator=C6(C0603)
Added Component: Designator=C7(C0603)
Added Component: Designator=C8(C0603)
Added Component: Designator=C9(C0603)
Added Component: Designator=C10(C0603)
Added Component: Designator=C11(C0603)
Added Component: Designator=C12(C0603)
Added Component: Designator=C13(C0603)
Added Component: Designator=C14(C0603)
Added Component: Designator=C15(C0603)
Added Component: Designator=C16(C0603)
Added Component: Designator=C17(C0603)
Added Component: Designator=C18(C0603)
Added Component: Designator=C19(C0603)
Added Component: Designator=F1(FU 1206)
Added Component: Designator=J1(Pin HDR1X5/2mm-W)
Added Component: Designator=J2(Pin HDR1X4/2.54mm-S)
Added Component: Designator=LED1(LED_0603)
Added Component: Designator=LED2(LED_0603)
Added Component: Designator=LED3(LED_0603)
Added Component: Designator=M1(HC-05)
Add component (AddParameter): Name = "BOM名称"; Value = "串口蓝牙模块"; VariantName = "[No Variations]"
Add component (AddParameter): Name = "学习资源"; Value = "www.ooocke.com"; VariantName = "[No Variations]"
Add component (AddParameter): Name = "版权归属"; Value = "源创客"; VariantName = "[No Variations]"
Added Component: Designator=Q1(SOT_23)
Add component (AddParameter): Name = "BOM名称"; Value = "场效应管"; VariantName = "[No Variations]"
Add component (AddParameter): Name = "学习资源"; Value = "www.ooocke.com"; VariantName = "[No Variations]"
Add component (AddParameter): Name = "描述"; Value = "N沟道 20V/3A"; VariantName = "[No Variations]"
Add component (AddParameter): Name = "版权归属"; Value = "源创客"; VariantName = "[No Variations]"
Added Component: Designator=Q2(SOT_23)
Add component (AddParameter): Name = "BOM名称"; Value = "场效应管"; VariantName = "[No Variations]"
Add component (AddParameter): Name = "学习资源"; Value = "www.ooocke.com"; VariantName = "[No Variations]"
Add component (AddParameter): Name = "描述"; Value = "N沟道 20V/3A"; VariantName = "[No Variations]"
Add component (AddParameter): Name = "版权归属"; Value = "源创客"; VariantName = "[No Variations]"
Added Component: Designator=Q3(SOT_23)
Add component (AddParameter): Name = "BOM名称"; Value = "场效应管"; VariantName = "[No Variations]"
Add component (AddParameter): Name = "学习资源"; Value = "www.ooocke.com"; VariantName = "[No Variations]"
Add component (AddParameter): Name = "描述"; Value = "N沟道 20V/3A"; VariantName = "[No Variations]"
Add component (AddParameter): Name = "版权归属"; Value = "源创客"; VariantName = "[No Variations]"
Added Component: Designator=Q4(SOT_23)
Add component (AddParameter): Name = "BOM名称"; Value = "场效应管"; VariantName = "[No Variations]"
Add component (AddParameter): Name = "学习资源"; Value = "www.ooocke.com"; VariantName = "[No Variations]"
Add component (AddParameter): Name = "描述"; Value = "N沟道 20V/3A"; VariantName = "[No Variations]"
Add component (AddParameter): Name = "版权归属"; Value = "源创客"; VariantName = "[No Variations]"
Added Component: Designator=R1(R0603)
Added Component: Designator=R2(R0603)
Added Component: Designator=R3(R0603)
Added Component: Designator=R4(R0603)
Added Component: Designator=R5(R0603)
Added Component: Designator=R6(R0603)
Added Component: Designator=R7(R0603)
Added Component: Designator=R8(R0603)
Added Component: Designator=R9(R0603)
Added Component: Designator=R10(R0603)
Added Component: Designator=R11(R0603)
Added Component: Designator=R12(R0603)
Added Component: Designator=R13(R0603)
Added Component: Designator=R14(R0603)
Added Component: Designator=R15(R0603)
Added Component: Designator=U1(SOT_223)
Added Component: Designator=U2(QFN-24)
Added Component: Designator=U3(VFQFPN36_L)
Added Component: Designator=U4(LPCC-16-50P250X250X90-16N)
Added Component: Designator=X1(OSC HC-49S)
Added Pin To Net: NetName=3V3 Pin=C3-1
Added Pin To Net: NetName=3V3 Pin=C4-2
Added Pin To Net: NetName=3V3 Pin=C6-2
Added Pin To Net: NetName=3V3 Pin=C7-2
Added Pin To Net: NetName=3V3 Pin=C8-2
Added Pin To Net: NetName=3V3 Pin=C9-2
Added Pin To Net: NetName=3V3 Pin=J1-1
Added Pin To Net: NetName=3V3 Pin=J2-4
Added Pin To Net: NetName=3V3 Pin=M1-12
Added Pin To Net: NetName=3V3 Pin=R1-1
Added Pin To Net: NetName=3V3 Pin=R2-1
Added Pin To Net: NetName=3V3 Pin=R3-1
Added Pin To Net: NetName=3V3 Pin=R6-2
Added Pin To Net: NetName=3V3 Pin=R7-2
Added Pin To Net: NetName=3V3 Pin=R8-2
Added Pin To Net: NetName=3V3 Pin=R9-2
Added Pin To Net: NetName=3V3 Pin=U1-2
Added Pin To Net: NetName=3V3 Pin=U1-4
Added Pin To Net: NetName=3V3 Pin=U2-8
Added Pin To Net: NetName=3V3 Pin=U2-13
Added Pin To Net: NetName=3V3 Pin=U3-1
Added Pin To Net: NetName=3V3 Pin=U3-6
Added Pin To Net: NetName=3V3 Pin=U3-19
Added Pin To Net: NetName=3V3 Pin=U3-27
Added Pin To Net: NetName=3V3 Pin=U4-2
Added Pin To Net: NetName=3V3 Pin=U4-4
Added Pin To Net: NetName=3V3 Pin=U4-13
Added Net: Name=3V3
Added Pin To Net: NetName=GND Pin=C1-2
Added Pin To Net: NetName=GND Pin=C2-1
Added Pin To Net: NetName=GND Pin=C3-2
Added Pin To Net: NetName=GND Pin=C4-1
Added Pin To Net: NetName=GND Pin=C5-2
Added Pin To Net: NetName=GND Pin=C6-1
Added Pin To Net: NetName=GND Pin=C7-1
Added Pin To Net: NetName=GND Pin=C8-1
Added Pin To Net: NetName=GND Pin=C9-1
Added Pin To Net: NetName=GND Pin=C10-2
Added Pin To Net: NetName=GND Pin=C11-2
Added Pin To Net: NetName=GND Pin=C12-2
Added Pin To Net: NetName=GND Pin=C14-1
Added Pin To Net: NetName=GND Pin=C15-1
Added Pin To Net: NetName=GND Pin=F1-2
Added Pin To Net: NetName=GND Pin=J1-5
Added Pin To Net: NetName=GND Pin=J2-3
Added Pin To Net: NetName=GND Pin=M1-13
Added Pin To Net: NetName=GND Pin=R5-2
Added Pin To Net: NetName=GND Pin=U1-1
Added Pin To Net: NetName=GND Pin=U2-1
Added Pin To Net: NetName=GND Pin=U2-9
Added Pin To Net: NetName=GND Pin=U2-11
Added Pin To Net: NetName=GND Pin=U2-18
Added Pin To Net: NetName=GND Pin=U3-5
Added Pin To Net: NetName=GND Pin=U3-17
Added Pin To Net: NetName=GND Pin=U3-18
Added Pin To Net: NetName=GND Pin=U3-26
Added Pin To Net: NetName=GND Pin=U3-36
Added Pin To Net: NetName=GND Pin=U4-9
Added Pin To Net: NetName=GND Pin=U4-11
Added Net: Name=GND
Added Pin To Net: NetName=INT_SENSOR Pin=R9-1
Added Pin To Net: NetName=INT_SENSOR Pin=U2-12
Added Pin To Net: NetName=INT_SENSOR Pin=U3-32
Added Net: Name=INT_SENSOR
Added Pin To Net: NetName=LED1 Pin=LED1-1
Added Pin To Net: NetName=LED1 Pin=U3-31
Added Net: Name=LED1
Added Pin To Net: NetName=LED2 Pin=LED2-1
Added Pin To Net: NetName=LED2 Pin=U3-30
Added Net: Name=LED2
Added Pin To Net: NetName=LED3 Pin=LED3-1
Added Pin To Net: NetName=LED3 Pin=U3-29
Added Net: Name=LED3
Added Pin To Net: NetName=MGND Pin=F1-1
Added Pin To Net: NetName=MGND Pin=Q1-2
Added Pin To Net: NetName=MGND Pin=Q2-2
Added Pin To Net: NetName=MGND Pin=Q3-2
Added Pin To Net: NetName=MGND Pin=Q4-2
Added Pin To Net: NetName=MGND Pin=R11-2
Added Pin To Net: NetName=MGND Pin=R12-1
Added Pin To Net: NetName=MGND Pin=R13-1
Added Pin To Net: NetName=MGND Pin=R14-1
Added Pin To Net: NetName=MGND Pin=R15-1
Added Net: Name=MGND
Added Pin To Net: NetName=NetC5_1 Pin=C5-1
Added Pin To Net: NetName=NetC5_1 Pin=U2-20
Added Net: Name=NetC5_1
Added Pin To Net: NetName=NetC10_1 Pin=C10-1
Added Pin To Net: NetName=NetC10_1 Pin=R4-1
Added Pin To Net: NetName=NetC10_1 Pin=U3-3
Added Pin To Net: NetName=NetC10_1 Pin=X1-1
Added Net: Name=NetC10_1
Added Pin To Net: NetName=NetC11_1 Pin=C11-1
Added Pin To Net: NetName=NetC11_1 Pin=R4-2
Added Pin To Net: NetName=NetC11_1 Pin=U3-2
Added Pin To Net: NetName=NetC11_1 Pin=X1-2
Added Net: Name=NetC11_1
Added Pin To Net: NetName=NetC13_1 Pin=C13-1
Added Pin To Net: NetName=NetC13_1 Pin=U4-8
Added Net: Name=NetC13_1
Added Pin To Net: NetName=NetC13_2 Pin=C13-2
Added Pin To Net: NetName=NetC13_2 Pin=U4-12
Added Net: Name=NetC13_2
Added Pin To Net: NetName=NetC15_2 Pin=C15-2
Added Pin To Net: NetName=NetC15_2 Pin=U4-10
Added Net: Name=NetC15_2
Added Pin To Net: NetName=NetC16_1 Pin=C16-1
Added Pin To Net: NetName=NetC16_1 Pin=Q1-3
Added Net: Name=NetC16_1
Added Pin To Net: NetName=NetC17_1 Pin=C17-1
Added Pin To Net: NetName=NetC17_1 Pin=Q2-3
Added Net: Name=NetC17_1
Added Pin To Net: NetName=NetC18_1 Pin=C18-1
Added Pin To Net: NetName=NetC18_1 Pin=Q3-3
Added Net: Name=NetC18_1
Added Pin To Net: NetName=NetC19_1 Pin=C19-1
Added Pin To Net: NetName=NetC19_1 Pin=Q4-3
Added Net: Name=NetC19_1
Added Pin To Net: NetName=NetLED1_2 Pin=LED1-2
Added Pin To Net: NetName=NetLED1_2 Pin=R1-2
Added Net: Name=NetLED1_2
Added Pin To Net: NetName=NetLED2_2 Pin=LED2-2
Added Pin To Net: NetName=NetLED2_2 Pin=R2-2
Added Net: Name=NetLED2_2
Added Pin To Net: NetName=NetLED3_2 Pin=LED3-2
Added Pin To Net: NetName=NetLED3_2 Pin=R3-2
Added Net: Name=NetLED3_2
Added Pin To Net: NetName=NetR5_1 Pin=R5-1
Added Pin To Net: NetName=NetR5_1 Pin=U3-35
Added Net: Name=NetR5_1
Added Pin To Net: NetName=NetR10_2 Pin=R10-2
Added Pin To Net: NetName=NetR10_2 Pin=R11-1
Added Pin To Net: NetName=NetR10_2 Pin=U3-16
Added Net: Name=NetR10_2
Added Pin To Net: NetName=NRST Pin=C14-2
Added Pin To Net: NetName=NRST Pin=J1-2
Added Pin To Net: NetName=NRST Pin=R6-1
Added Pin To Net: NetName=NRST Pin=U3-4
Added Net: Name=NRST
Added Pin To Net: NetName=PWM_DOWM Pin=Q4-1
Added Pin To Net: NetName=PWM_DOWM Pin=R15-2
Added Pin To Net: NetName=PWM_DOWM Pin=U3-8
Added Net: Name=PWM_DOWM
Added Pin To Net: NetName=PWM_LEFT Pin=Q3-1
Added Pin To Net: NetName=PWM_LEFT Pin=R14-2
Added Pin To Net: NetName=PWM_LEFT Pin=U3-7
Added Net: Name=PWM_LEFT
Added Pin To Net: NetName=PWM_RIGHT Pin=Q1-1
Added Pin To Net: NetName=PWM_RIGHT Pin=R12-2
Added Pin To Net: NetName=PWM_RIGHT Pin=U3-9
Added Net: Name=PWM_RIGHT
Added Pin To Net: NetName=PWM_UP Pin=Q2-1
Added Pin To Net: NetName=PWM_UP Pin=R13-2
Added Pin To Net: NetName=PWM_UP Pin=U3-10
Added Net: Name=PWM_UP
Added Pin To Net: NetName=REG Pin=C12-1
Added Pin To Net: NetName=REG Pin=U2-10
Added Net: Name=REG
Added Pin To Net: NetName=RX Pin=J2-2
Added Pin To Net: NetName=RX Pin=M1-1
Added Pin To Net: NetName=RX Pin=U3-22
Added Net: Name=RX
Added Pin To Net: NetName=SCL_SENSOR Pin=R7-1
Added Pin To Net: NetName=SCL_SENSOR Pin=U2-23
Added Pin To Net: NetName=SCL_SENSOR Pin=U3-33
Added Pin To Net: NetName=SCL_SENSOR Pin=U4-1
Added Net: Name=SCL_SENSOR
Added Pin To Net: NetName=SDA_SENSOR Pin=R8-1
Added Pin To Net: NetName=SDA_SENSOR Pin=U2-24
Added Pin To Net: NetName=SDA_SENSOR Pin=U3-34
Added Pin To Net: NetName=SDA_SENSOR Pin=U4-16
Added Net: Name=SDA_SENSOR
Added Pin To Net: NetName=SWD_CLK Pin=J1-3
Added Pin To Net: NetName=SWD_CLK Pin=U3-28
Added Net: Name=SWD_CLK
Added Pin To Net: NetName=SWD_DATA Pin=J1-4
Added Pin To Net: NetName=SWD_DATA Pin=U3-25
Added Net: Name=SWD_DATA
Added Pin To Net: NetName=TX Pin=J2-1
Added Pin To Net: NetName=TX Pin=M1-2
Added Pin To Net: NetName=TX Pin=U3-21
Added Net: Name=TX
Added Pin To Net: NetName=VCC Pin=C1-1
Added Pin To Net: NetName=VCC Pin=C2-2
Added Pin To Net: NetName=VCC Pin=C16-2
Added Pin To Net: NetName=VCC Pin=C17-2
Added Pin To Net: NetName=VCC Pin=C18-2
Added Pin To Net: NetName=VCC Pin=C19-2
Added Pin To Net: NetName=VCC Pin=R10-1
Added Pin To Net: NetName=VCC Pin=U1-3
Added Net: Name=VCC
Added Class: Name=MIni_Quadcopter
Added Room: Name=MIni_Quadcopter
